MPASM  5.35                MULTIPLICATION.ASM   6-9-2010  0:19:27         PAGE  1


LOC  OBJECT CODE     LINE SOURCE TEXT
  VALUE

                      00001 ;************************************************************************
                      00002 ;                                                                                                       
                                                                    *
                      00003 ;    Filename:  template.asm                                                                            
                                    *
                      00004 ;    Date:      May 10, 2010                                                                            
                                                    *
                      00005 ;    File Version:      0.3                                                                             
                                                    *
                      00006 ;                                                                                                       
                                                                    *
                      00007 ;    Author: Daniele Costarella                                                                         
                                    *
                      00008 ;    Company:                                                                                           
                                                    *
                      00009 ;                                                                                                       
                                                                    * 
                      00010 ;                                                                                                       
                                                                    *
                      00011 ;************************************************************************
                      00012 
                      00013         list            p=16f877a
                      00014         #include        P16f877A.INC
                      00001         LIST
                      00002 ; P16F877A.INC  Standard Header File, Version 1.00    Microchip Technology, Inc.
                      00400         LIST
                      00015         radix           dec
                      00016         ErrorLevel      -302
                      00017         
                      00018 ;***** VARIABLE DEFINITIONS
                      00019 
                      00020                         UDATA                           ; explicit address specified is not required
                      00021 
0000                  00022 risultato24     RES             3
0003                  00023 temp24          RES             3                       ; quanto shiftato
0006                  00024 contatore       RES             1
0007                  00025 mol                     RES             2
                      00026 
                      00027 
                      00028                         CODE
                      00029 
  0000                00030         global mul13x10
                      00031 
                      00032 
                      00033 ; moltiplica mol:mol+1 con 4883 (00010011 00010011) che è la risoluzione dell'AD Conv
                      00034 
                      00035 ; 'mul13x10' restituisce l'indirizzo di risultato24
                      00036 ; Il risultato è disponibile con indirizzamento indiretto
0000                  00037 mul13x10
0000   1683 1303      00038         banksel ADRESL
0002   081E           00039         movf    ADRESL, W
                      00040         ;movlw  0xff
                      00041         ;movlw  10101110B       ;test ADRESL
MPASM  5.35                MULTIPLICATION.ASM   6-9-2010  0:19:27         PAGE  2


LOC  OBJECT CODE     LINE SOURCE TEXT
  VALUE

0003   ???? ????      00042         banksel mol
0005   00??           00043         movwf   mol+1           ;test
0006   1283 1303      00044         banksel ADRESH
0008   081E           00045         movf    ADRESL, W
                      00046         ;movlw  00000011B       ;test ADRESH
                      00047         ;movlw  0x03
0009   ???? ????      00048         banksel mol
000B   00??           00049         movwf   mol
                      00050         ;clrf   mol                     ;test
                      00051 
                      00052         ;final version
                      00053         ;movfw  adresh          ; allineato a destra
                      00054         ;movwf  mol
                      00055         ;movfw  adresl
                      00056         ;movwf  mol+1   
                      00057         
000C   ???? ????      00058         banksel risultato24
                      00059         ; inizializzazione
000E   01??           00060         clrf    risultato24                     ;msb
000F   01??           00061         clrf    risultato24+1
0010   01??           00062         clrf    risultato24+2           ;lsb
                      00063 
0011   3013           00064         movlw   00010011B
0012   00??           00065         movwf   temp24+2
                      00066         ;movlw  10011B
0013   00??           00067         movwf   temp24+1
0014   01??           00068         clrf    temp24
                      00069         
0015   300A           00070         movlw   10
0016   00??           00071         movwf   contatore
                      00072 
0017                  00073 loop
Message[305]: Using default destination of 1 (file).
0017   0C??           00074         rrf             mol
Message[305]: Using default destination of 1 (file).
0018   0C??           00075         rrf             mol+1
0019   1803           00076         btfsc   STATUS, C
001A   2???           00077         call    addizione               ;risultato16 = risultato16_old + temp16
                      00078 
001B   1003           00079         bcf             STATUS, C
Message[305]: Using default destination of 1 (file).
001C   0D??           00080         rlf             temp24+2
Message[305]: Using default destination of 1 (file).
001D   0D??           00081         rlf             temp24+1
Message[305]: Using default destination of 1 (file).
001E   0D??           00082         rlf             temp24
Message[305]: Using default destination of 1 (file).
001F   0B??           00083         decfsz  contatore
0020   2???           00084         goto    loop
0021   30??           00085         movlw   risultato24             ; restituisce l'indirizzo dell'MSB della stringa convertita in V
                            olt
                      00086         ;goto $                 ; 'risultato16' contiene il valore convertito
0022   0008           00087         return
MPASM  5.35                MULTIPLICATION.ASM   6-9-2010  0:19:27         PAGE  3


LOC  OBJECT CODE     LINE SOURCE TEXT
  VALUE

                      00088 
0023                  00089 addizione
0023   08??           00090         movfw   risultato24+2           ; lsb in wreg
0024   07??           00091         addwf   temp24+2, W                     ; carry?
0025   00??           00092         movwf   risultato24+2           ; salviamo l'lsb
                      00093 
0026   08??           00094         movfw   risultato24+1           ; msb in wreg
0027   1803           00095         btfsc   STATUS, C                       ; add C direttamente???
0028   3E01           00096         addlw   1                       
0029   07??           00097         addwf   temp24+1, W
002A   00??           00098         movwf   risultato24+1           ; salviamo l'msb
                      00099 
002B   08??           00100         movfw   risultato24
002C   1803           00101         btfsc   STATUS, C
002D   3E01           00102         addlw   1
                      00103         ;incf   W, W
002E   07??           00104         addwf   temp24, W
002F   00??           00105         movwf   risultato24
0030   0008           00106         return
                      00107 
                      00108 
                      00109 
                      00110         
                      00111         END                                             ; directive 'end of program'
MPASM  5.35                MULTIPLICATION.ASM   6-9-2010  0:19:27         PAGE  4


SYMBOL TABLE
  LABEL                             VALUE 

ACKDT                             00000005
ACKEN                             00000004
ACKSTAT                           00000006
ADCON0                            0000001F
ADCON1                            0000009F
ADCS0                             00000006
ADCS1                             00000007
ADCS2                             00000006
ADDEN                             00000003
ADFM                              00000007
ADIE                              00000006
ADIF                              00000006
ADON                              00000000
ADRESH                            0000001E
ADRESL                            0000009E
BCLIE                             00000003
BCLIF                             00000003
BF                                00000000
BRGH                              00000002
C                                 00000000
C1INV                             00000004
C1OUT                             00000006
C2INV                             00000005
C2OUT                             00000007
CCP1CON                           00000017
CCP1IE                            00000002
CCP1IF                            00000002
CCP1M0                            00000000
CCP1M1                            00000001
CCP1M2                            00000002
CCP1M3                            00000003
CCP1X                             00000005
CCP1Y                             00000004
CCP2CON                           0000001D
CCP2IE                            00000000
CCP2IF                            00000000
CCP2M0                            00000000
CCP2M1                            00000001
CCP2M2                            00000002
CCP2M3                            00000003
CCP2X                             00000005
CCP2Y                             00000004
CCPR1H                            00000016
CCPR1L                            00000015
CCPR2H                            0000001C
CCPR2L                            0000001B
CHS0                              00000003
CHS1                              00000004
CHS2                              00000005
CIS                               00000003
CKE                               00000006
CKP                               00000004
CM0                               00000000
MPASM  5.35                MULTIPLICATION.ASM   6-9-2010  0:19:27         PAGE  5


SYMBOL TABLE
  LABEL                             VALUE 

CM1                               00000001
CM2                               00000002
CMCON                             0000009C
CMIE                              00000006
CMIF                              00000006
CREN                              00000004
CSRC                              00000007
CVR0                              00000000
CVR1                              00000001
CVR2                              00000002
CVR3                              00000003
CVRCON                            0000009D
CVREN                             00000007
CVROE                             00000006
CVRR                              00000005
D                                 00000005
DATA_ADDRESS                      00000005
DC                                00000001
D_A                               00000005
EEADR                             0000010D
EEADRH                            0000010F
EECON1                            0000018C
EECON2                            0000018D
EEDATA                            0000010C
EEDATH                            0000010E
EEIE                              00000004
EEIF                              00000004
EEPGD                             00000007
F                                 00000001
FERR                              00000002
FSR                               00000004
GCEN                              00000007
GIE                               00000007
GO                                00000002
GO_DONE                           00000002
I2C_DATA                          00000005
I2C_READ                          00000002
I2C_START                         00000003
I2C_STOP                          00000004
IBF                               00000007
IBOV                              00000005
INDF                              00000000
INTCON                            0000000B
INTE                              00000004
INTEDG                            00000006
INTF                              00000001
IRP                               00000007
NOT_A                             00000005
NOT_ADDRESS                       00000005
NOT_BO                            00000000
NOT_BOR                           00000000
NOT_DONE                          00000002
NOT_PD                            00000003
MPASM  5.35                MULTIPLICATION.ASM   6-9-2010  0:19:27         PAGE  6


SYMBOL TABLE
  LABEL                             VALUE 

NOT_POR                           00000001
NOT_RBPU                          00000007
NOT_RC8                           00000006
NOT_T1SYNC                        00000002
NOT_TO                            00000004
NOT_TX8                           00000006
NOT_W                             00000002
NOT_WRITE                         00000002
OBF                               00000006
OERR                              00000001
OPTION_REG                        00000081
P                                 00000004
PCFG0                             00000000
PCFG1                             00000001
PCFG2                             00000002
PCFG3                             00000003
PCL                               00000002
PCLATH                            0000000A
PCON                              0000008E
PEIE                              00000006
PEN                               00000002
PIE1                              0000008C
PIE2                              0000008D
PIR1                              0000000C
PIR2                              0000000D
PORTA                             00000005
PORTB                             00000006
PORTC                             00000007
PORTD                             00000008
PORTE                             00000009
PR2                               00000092
PS0                               00000000
PS1                               00000001
PS2                               00000002
PSA                               00000003
PSPIE                             00000007
PSPIF                             00000007
PSPMODE                           00000004
R                                 00000002
RBIE                              00000003
RBIF                              00000000
RC8_9                             00000006
RC9                               00000006
RCD8                              00000000
RCEN                              00000003
RCIE                              00000005
RCIF                              00000005
RCREG                             0000001A
RCSTA                             00000018
RD                                00000000
READ_WRITE                        00000002
RP0                               00000005
RP1                               00000006
MPASM  5.35                MULTIPLICATION.ASM   6-9-2010  0:19:27         PAGE  7


SYMBOL TABLE
  LABEL                             VALUE 

RSEN                              00000001
RX9                               00000006
RX9D                              00000000
R_W                               00000002
S                                 00000003
SEN                               00000000
SMP                               00000007
SPBRG                             00000099
SPEN                              00000007
SREN                              00000005
SSPADD                            00000093
SSPBUF                            00000013
SSPCON                            00000014
SSPCON2                           00000091
SSPEN                             00000005
SSPIE                             00000003
SSPIF                             00000003
SSPM0                             00000000
SSPM1                             00000001
SSPM2                             00000002
SSPM3                             00000003
SSPOV                             00000006
SSPSTAT                           00000094
STATUS                            00000003
SYNC                              00000004
T0CS                              00000005
T0IE                              00000005
T0IF                              00000002
T0SE                              00000004
T1CKPS0                           00000004
T1CKPS1                           00000005
T1CON                             00000010
T1INSYNC                          00000002
T1OSCEN                           00000003
T1SYNC                            00000002
T2CKPS0                           00000000
T2CKPS1                           00000001
T2CON                             00000012
TMR0                              00000001
TMR0IE                            00000005
TMR0IF                            00000002
TMR1CS                            00000001
TMR1H                             0000000F
TMR1IE                            00000000
TMR1IF                            00000000
TMR1L                             0000000E
TMR1ON                            00000000
TMR2                              00000011
TMR2IE                            00000001
TMR2IF                            00000001
TMR2ON                            00000002
TOUTPS0                           00000003
TOUTPS1                           00000004
MPASM  5.35                MULTIPLICATION.ASM   6-9-2010  0:19:27         PAGE  8


SYMBOL TABLE
  LABEL                             VALUE 

TOUTPS2                           00000005
TOUTPS3                           00000006
TRISA                             00000085
TRISB                             00000086
TRISC                             00000087
TRISD                             00000088
TRISE                             00000089
TRISE0                            00000000
TRISE1                            00000001
TRISE2                            00000002
TRMT                              00000001
TX8_9                             00000006
TX9                               00000006
TX9D                              00000000
TXD8                              00000000
TXEN                              00000005
TXIE                              00000004
TXIF                              00000004
TXREG                             00000019
TXSTA                             00000098
UA                                00000001
W                                 00000000
WCOL                              00000007
WR                                00000001
WREN                              00000002
WRERR                             00000003
Z                                 00000002
_BODEN_OFF                        00003FBF
_BODEN_ON                         00003FFF
_CPD_OFF                          00003FFF
_CPD_ON                           00003EFF
_CP_ALL                           00001FFF
_CP_OFF                           00003FFF
_DEBUG_OFF                        00003FFF
_DEBUG_ON                         000037FF
_HS_OSC                           00003FFE
_LP_OSC                           00003FFC
_LVP_OFF                          00003F7F
_LVP_ON                           00003FFF
_PWRTE_OFF                        00003FFF
_PWRTE_ON                         00003FF7
_RC_OSC                           00003FFF
_WDT_OFF                          00003FFB
_WDT_ON                           00003FFF
_WRT_1FOURTH                      00003BFF
_WRT_256                          00003DFF
_WRT_HALF                         000039FF
_WRT_OFF                          00003FFF
_XT_OSC                           00003FFD
__16F877A                         00000001
__DEBUG                           1
__MPLAB_DEBUGGER_PK3              1
addizione                         00000023
MPASM  5.35                MULTIPLICATION.ASM   6-9-2010  0:19:27         PAGE  9


SYMBOL TABLE
  LABEL                             VALUE 

contatore                         00000006
loop                              00000017
mol                               00000007
mul13x10                          00000000
risultato24                       00000000
temp24                            00000003

Errors   :     0
Warnings :     0 reported,     0 suppressed
Messages :     6 reported,     2 suppressed

